<?xml version="1.0" encoding="UTF-8"?>
<testsuite xmlns:xsi="http://www.w3.org/2001/XMLSchema-instance" xsi:noNamespaceSchemaLocation="https://maven.apache.org/surefire/maven-surefire-plugin/xsd/surefire-test-report-3.0.xsd" version="3.0" name="com.photowatermark.WatermarkEngineTest" time="0.624" tests="12" errors="0" skipped="0" failures="0">
  <properties>
[...]
</properties>
  <testcase name="testAddWatermarkWithDifferentPositions" classname="com.photowatermark.WatermarkEngineTest" time="0.597">
    <system-out><![CDATA[18:27:38.281 [main] DEBUG com.photowatermark.WatermarkEngine - 水印绘制完成 - 位置: (20, 50), 文本: Test
18:27:38.283 [main] INFO com.photowatermark.WatermarkEngine - 成功为图片 test.jpg 添加水印，输出到: output_TOP_LEFT.jpg
18:27:38.284 [main] DEBUG com.photowatermark.WatermarkEngine - 水印绘制完成 - 位置: (131, 50), 文本: Test
18:27:38.286 [main] INFO com.photowatermark.WatermarkEngine - 成功为图片 test.jpg 添加水印，输出到: output_TOP_RIGHT.jpg
18:27:38.287 [main] DEBUG com.photowatermark.WatermarkEngine - 水印绘制完成 - 位置: (75, 115), 文本: Test
18:27:38.288 [main] INFO com.photowatermark.WatermarkEngine - 成功为图片 test.jpg 添加水印，输出到: output_CENTER.jpg
18:27:38.289 [main] DEBUG com.photowatermark.WatermarkEngine - 水印绘制完成 - 位置: (20, 180), 文本: Test
18:27:38.290 [main] INFO com.photowatermark.WatermarkEngine - 成功为图片 test.jpg 添加水印，输出到: output_BOTTOM_LEFT.jpg
18:27:38.291 [main] DEBUG com.photowatermark.WatermarkEngine - 水印绘制完成 - 位置: (131, 180), 文本: Test
18:27:38.292 [main] INFO com.photowatermark.WatermarkEngine - 成功为图片 test.jpg 添加水印，输出到: output_BOTTOM_RIGHT.jpg
]]></system-out>
  </testcase>
  <testcase name="testAddWatermarkWithNullWatermarkText" classname="com.photowatermark.WatermarkEngineTest" time="0.002">
    <system-out><![CDATA[18:27:38.295 [main] ERROR com.photowatermark.WatermarkEngine - 水印文本不能为空
]]></system-out>
  </testcase>
  <testcase name="testAddWatermarkWithNonExistentInputFile" classname="com.photowatermark.WatermarkEngineTest" time="0.001">
    <system-out><![CDATA[18:27:38.297 [main] ERROR com.photowatermark.WatermarkEngine - 输入文件无效: non_existent.jpg
]]></system-out>
  </testcase>
  <testcase name="testAddWatermarkWithNullInputFile" classname="com.photowatermark.WatermarkEngineTest" time="0.001">
    <system-out><![CDATA[18:27:38.299 [main] ERROR com.photowatermark.WatermarkEngine - 输入文件无效: null
]]></system-out>
  </testcase>
  <testcase name="testAddWatermarkWithValidInputs" classname="com.photowatermark.WatermarkEngineTest" time="0.005">
    <system-out><![CDATA[18:27:38.303 [main] DEBUG com.photowatermark.WatermarkEngine - 水印绘制完成 - 位置: (0, 180), 文本: Test Watermark
18:27:38.304 [main] INFO com.photowatermark.WatermarkEngine - 成功为图片 test.jpg 添加水印，输出到: output.jpg
]]></system-out>
  </testcase>
  <testcase name="testAddWatermarkWithNullConfig" classname="com.photowatermark.WatermarkEngineTest" time="0.002">
    <system-out><![CDATA[18:27:38.307 [main] ERROR com.photowatermark.WatermarkEngine - 水印配置不能为空
]]></system-out>
  </testcase>
  <testcase name="testIsSupportedImageFormatWithNullFile" classname="com.photowatermark.WatermarkEngineTest" time="0.002"/>
  <testcase name="testAddWatermarkWithEmptyWatermarkText" classname="com.photowatermark.WatermarkEngineTest" time="0.002">
    <system-out><![CDATA[18:27:38.310 [main] ERROR com.photowatermark.WatermarkEngine - 水印文本不能为空
]]></system-out>
  </testcase>
  <testcase name="testGetImageDimensions" classname="com.photowatermark.WatermarkEngineTest" time="0.002"/>
  <testcase name="testGetImageDimensionsWithInvalidFile" classname="com.photowatermark.WatermarkEngineTest" time="0.002"/>
  <testcase name="testIsSupportedImageFormatWithValidFormats" classname="com.photowatermark.WatermarkEngineTest" time="0.002"/>
  <testcase name="testIsSupportedImageFormatWithInvalidFormats" classname="com.photowatermark.WatermarkEngineTest" time="0.001"/>
</testsuite>