<?xml version="1.0" encoding="UTF-8"?>
<testsuite xmlns:xsi="http://www.w3.org/2001/XMLSchema-instance" xsi:noNamespaceSchemaLocation="https://maven.apache.org/surefire/maven-surefire-plugin/xsd/surefire-test-report-3.0.xsd" version="3.0" name="com.photowatermark.FileProcessorTest" time="0.07" tests="13" errors="0" skipped="0" failures="0">
  <properties>
[...]
</properties>
  <testcase name="testDetermineWatermarkTextWithExifDate" classname="com.photowatermark.FileProcessorTest" time="0.014">
    <system-out><![CDATA[18:27:38.323 [main] INFO com.photowatermark.FileProcessor - 找到 1 个图片文件待处理
18:27:38.330 [pool-2-thread-1] WARN com.photowatermark.ExifReader - 文件 test.jpg 中未找到拍摄时间信息
18:27:38.331 [pool-2-thread-1] WARN com.photowatermark.FileProcessor - 文件 test.jpg 无法提取EXIF日期，使用自定义水印
18:27:38.332 [pool-2-thread-1] DEBUG com.photowatermark.WatermarkEngine - 水印绘制完成 - 位置: (36, 180), 文本: Default Text
18:27:38.334 [pool-2-thread-1] INFO com.photowatermark.WatermarkEngine - 成功为图片 test.jpg 添加水印，输出到: test_watermarked.jpg
18:27:38.334 [pool-2-thread-1] DEBUG com.photowatermark.FileProcessor - 成功处理文件: test.jpg -> test_watermarked.jpg
18:27:38.334 [main] INFO com.photowatermark.FileProcessor - 处理完成 - 总计: 1, 成功: 1, 失败: 0, 耗时: 11 ms
]]></system-out>
  </testcase>
  <testcase name="testProcessPathWithNullWatermarkText" classname="com.photowatermark.FileProcessorTest" time="0.005">
    <system-out><![CDATA[18:27:38.338 [main] INFO com.photowatermark.FileProcessor - 找到 1 个图片文件待处理
18:27:38.339 [pool-3-thread-1] DEBUG com.photowatermark.WatermarkEngine - 水印绘制完成 - 位置: (36, 180), 文本: Default Text
18:27:38.340 [pool-3-thread-1] INFO com.photowatermark.WatermarkEngine - 成功为图片 test.jpg 添加水印，输出到: test_watermarked.jpg
18:27:38.340 [pool-3-thread-1] DEBUG com.photowatermark.FileProcessor - 成功处理文件: test.jpg -> test_watermarked.jpg
18:27:38.340 [main] INFO com.photowatermark.FileProcessor - 处理完成 - 总计: 1, 成功: 1, 失败: 0, 耗时: 2 ms
]]></system-out>
  </testcase>
  <testcase name="testGenerateOutputFileWithSameDirectory" classname="com.photowatermark.FileProcessorTest" time="0.004">
    <system-out><![CDATA[18:27:38.343 [main] INFO com.photowatermark.FileProcessor - 找到 1 个图片文件待处理
18:27:38.343 [pool-4-thread-1] DEBUG com.photowatermark.WatermarkEngine - 水印绘制完成 - 位置: (131, 180), 文本: Test
18:27:38.345 [pool-4-thread-1] INFO com.photowatermark.WatermarkEngine - 成功为图片 test.jpg 添加水印，输出到: test_watermarked.jpg
18:27:38.345 [pool-4-thread-1] DEBUG com.photowatermark.FileProcessor - 成功处理文件: test.jpg -> test_watermarked.jpg
18:27:38.345 [main] INFO com.photowatermark.FileProcessor - 处理完成 - 总计: 1, 成功: 1, 失败: 0, 耗时: 2 ms
]]></system-out>
  </testcase>
  <testcase name="testGenerateOutputFileWithCustomDirectory" classname="com.photowatermark.FileProcessorTest" time="0.004">
    <system-out><![CDATA[18:27:38.347 [main] INFO com.photowatermark.FileProcessor - 找到 1 个图片文件待处理
18:27:38.348 [pool-5-thread-1] DEBUG com.photowatermark.WatermarkEngine - 水印绘制完成 - 位置: (131, 180), 文本: Test
18:27:38.349 [pool-5-thread-1] INFO com.photowatermark.WatermarkEngine - 成功为图片 test.jpg 添加水印，输出到: test_watermarked.jpg
18:27:38.349 [pool-5-thread-1] DEBUG com.photowatermark.FileProcessor - 成功处理文件: test.jpg -> test_watermarked.jpg
18:27:38.350 [main] INFO com.photowatermark.FileProcessor - 处理完成 - 总计: 1, 成功: 1, 失败: 0, 耗时: 3 ms
]]></system-out>
  </testcase>
  <testcase name="testProcessBatchWithValidFiles" classname="com.photowatermark.FileProcessorTest" time="0.007">
    <system-out><![CDATA[18:27:38.353 [main] INFO com.photowatermark.FileProcessor - 找到 2 个图片文件待处理
18:27:38.355 [pool-6-thread-1] DEBUG com.photowatermark.WatermarkEngine - 水印绘制完成 - 位置: (0, 130), 文本: Test Watermark
18:27:38.355 [pool-6-thread-2] DEBUG com.photowatermark.WatermarkEngine - 水印绘制完成 - 位置: (0, 180), 文本: Test Watermark
18:27:38.356 [pool-6-thread-1] INFO com.photowatermark.WatermarkEngine - 成功为图片 test2.jpg 添加水印，输出到: test2_watermarked.jpg
18:27:38.356 [pool-6-thread-1] DEBUG com.photowatermark.FileProcessor - 成功处理文件: test2.jpg -> test2_watermarked.jpg
18:27:38.357 [pool-6-thread-2] INFO com.photowatermark.WatermarkEngine - 成功为图片 test.jpg 添加水印，输出到: test_watermarked.jpg
18:27:38.357 [pool-6-thread-2] DEBUG com.photowatermark.FileProcessor - 成功处理文件: test.jpg -> test_watermarked.jpg
18:27:38.357 [main] INFO com.photowatermark.FileProcessor - 处理完成 - 总计: 2, 成功: 2, 失败: 0, 耗时: 4 ms
]]></system-out>
  </testcase>
  <testcase name="testProcessPathWithDirectory" classname="com.photowatermark.FileProcessorTest" time="0.004">
    <system-out><![CDATA[18:27:38.359 [main] INFO com.photowatermark.FileProcessor - 找到 1 个图片文件待处理
18:27:38.360 [pool-7-thread-1] DEBUG com.photowatermark.WatermarkEngine - 水印绘制完成 - 位置: (0, 180), 文本: Test Watermark
18:27:38.361 [pool-7-thread-1] INFO com.photowatermark.WatermarkEngine - 成功为图片 test.jpg 添加水印，输出到: test_watermarked.jpg
18:27:38.361 [pool-7-thread-1] DEBUG com.photowatermark.FileProcessor - 成功处理文件: test.jpg -> test_watermarked.jpg
18:27:38.361 [main] INFO com.photowatermark.FileProcessor - 处理完成 - 总计: 1, 成功: 1, 失败: 0, 耗时: 2 ms
]]></system-out>
  </testcase>
  <testcase name="testDetermineWatermarkTextWithCustomText" classname="com.photowatermark.FileProcessorTest" time="0.005">
    <system-out><![CDATA[18:27:38.364 [main] INFO com.photowatermark.FileProcessor - 找到 1 个图片文件待处理
18:27:38.365 [pool-8-thread-1] DEBUG com.photowatermark.WatermarkEngine - 水印绘制完成 - 位置: (30, 180), 文本: Custom Text
18:27:38.366 [pool-8-thread-1] INFO com.photowatermark.WatermarkEngine - 成功为图片 test.jpg 添加水印，输出到: test_watermarked.jpg
18:27:38.366 [pool-8-thread-1] DEBUG com.photowatermark.FileProcessor - 成功处理文件: test.jpg -> test_watermarked.jpg
18:27:38.366 [main] INFO com.photowatermark.FileProcessor - 处理完成 - 总计: 1, 成功: 1, 失败: 0, 耗时: 2 ms
]]></system-out>
  </testcase>
  <testcase name="testDetermineWatermarkTextWithDefaultText" classname="com.photowatermark.FileProcessorTest" time="0.005">
    <system-out><![CDATA[18:27:38.369 [main] INFO com.photowatermark.FileProcessor - 找到 1 个图片文件待处理
18:27:38.370 [pool-9-thread-1] DEBUG com.photowatermark.WatermarkEngine - 水印绘制完成 - 位置: (36, 180), 文本: Default Text
18:27:38.371 [pool-9-thread-1] INFO com.photowatermark.WatermarkEngine - 成功为图片 test.jpg 添加水印，输出到: test_watermarked.jpg
18:27:38.371 [pool-9-thread-1] DEBUG com.photowatermark.FileProcessor - 成功处理文件: test.jpg -> test_watermarked.jpg
18:27:38.371 [main] INFO com.photowatermark.FileProcessor - 处理完成 - 总计: 1, 成功: 1, 失败: 0, 耗时: 2 ms
]]></system-out>
  </testcase>
  <testcase name="testProcessPathWithEmptyWatermarkText" classname="com.photowatermark.FileProcessorTest" time="0.004">
    <system-out><![CDATA[18:27:38.373 [main] INFO com.photowatermark.FileProcessor - 找到 1 个图片文件待处理
18:27:38.374 [pool-10-thread-1] DEBUG com.photowatermark.WatermarkEngine - 水印绘制完成 - 位置: (36, 180), 文本: Default Text
18:27:38.375 [pool-10-thread-1] INFO com.photowatermark.WatermarkEngine - 成功为图片 test.jpg 添加水印，输出到: test_watermarked.jpg
18:27:38.375 [pool-10-thread-1] DEBUG com.photowatermark.FileProcessor - 成功处理文件: test.jpg -> test_watermarked.jpg
18:27:38.376 [main] INFO com.photowatermark.FileProcessor - 处理完成 - 总计: 1, 成功: 1, 失败: 0, 耗时: 3 ms
]]></system-out>
  </testcase>
  <testcase name="testProcessBatchWithEmptyDirectory" classname="com.photowatermark.FileProcessorTest" time="0.003">
    <system-out><![CDATA[18:27:38.378 [main] WARN com.photowatermark.FileProcessor - 未找到支持的图片文件
]]></system-out>
  </testcase>
  <testcase name="testProcessBatchWithNonImageFiles" classname="com.photowatermark.FileProcessorTest" time="0.004">
    <system-out><![CDATA[18:27:38.380 [main] INFO com.photowatermark.FileProcessor - 找到 1 个图片文件待处理
18:27:38.381 [pool-11-thread-1] DEBUG com.photowatermark.WatermarkEngine - 水印绘制完成 - 位置: (0, 180), 文本: Test Watermark
18:27:38.382 [pool-11-thread-1] INFO com.photowatermark.WatermarkEngine - 成功为图片 test.jpg 添加水印，输出到: test_watermarked.jpg
18:27:38.382 [pool-11-thread-1] DEBUG com.photowatermark.FileProcessor - 成功处理文件: test.jpg -> test_watermarked.jpg
18:27:38.383 [main] INFO com.photowatermark.FileProcessor - 处理完成 - 总计: 1, 成功: 1, 失败: 0, 耗时: 3 ms
]]></system-out>
  </testcase>
  <testcase name="testProcessPathWithNonExistentPath" classname="com.photowatermark.FileProcessorTest" time="0.002">
    <system-out><![CDATA[18:27:38.385 [main] ERROR com.photowatermark.FileProcessor - 输入路径不存在: non_existent_path
]]></system-out>
  </testcase>
  <testcase name="testProcessPathWithSingleFile" classname="com.photowatermark.FileProcessorTest" time="0.004">
    <system-out><![CDATA[18:27:38.387 [main] INFO com.photowatermark.FileProcessor - 找到 1 个图片文件待处理
18:27:38.388 [pool-12-thread-1] DEBUG com.photowatermark.WatermarkEngine - 水印绘制完成 - 位置: (0, 180), 文本: Test Watermark
18:27:38.389 [pool-12-thread-1] INFO com.photowatermark.WatermarkEngine - 成功为图片 test.jpg 添加水印，输出到: test_watermarked.jpg
18:27:38.389 [pool-12-thread-1] DEBUG com.photowatermark.FileProcessor - 成功处理文件: test.jpg -> test_watermarked.jpg
18:27:38.389 [main] INFO com.photowatermark.FileProcessor - 处理完成 - 总计: 1, 成功: 1, 失败: 0, 耗时: 2 ms
]]></system-out>
  </testcase>
</testsuite>